c:\users\ryanw\documents\work\github\portfolio\invaders-from-space\invaders from space\bin\intermediates\x64\release\vc142.pdb
c:\users\ryanw\documents\work\github\portfolio\invaders-from-space\invaders from space\bin\intermediates\x64\release\texturemanager.nativecodeanalysis.sarif
c:\users\ryanw\documents\work\github\portfolio\invaders-from-space\invaders from space\bin\intermediates\x64\release\texturemanager.nativecodeanalysis.xml
c:\users\ryanw\documents\work\github\portfolio\invaders-from-space\invaders from space\bin\intermediates\x64\release\soundmanager.nativecodeanalysis.sarif
c:\users\ryanw\documents\work\github\portfolio\invaders-from-space\invaders from space\bin\intermediates\x64\release\soundmanager.nativecodeanalysis.xml
c:\users\ryanw\documents\work\github\portfolio\invaders-from-space\invaders from space\bin\intermediates\x64\release\mainmenu.nativecodeanalysis.sarif
c:\users\ryanw\documents\work\github\portfolio\invaders-from-space\invaders from space\bin\intermediates\x64\release\mainmenu.nativecodeanalysis.xml
c:\users\ryanw\documents\work\github\portfolio\invaders-from-space\invaders from space\bin\intermediates\x64\release\main.nativecodeanalysis.sarif
c:\users\ryanw\documents\work\github\portfolio\invaders-from-space\invaders from space\bin\intermediates\x64\release\main.nativecodeanalysis.xml
c:\users\ryanw\documents\work\github\portfolio\invaders-from-space\invaders from space\bin\intermediates\x64\release\hiscores.nativecodeanalysis.sarif
c:\users\ryanw\documents\work\github\portfolio\invaders-from-space\invaders from space\bin\intermediates\x64\release\hiscores.nativecodeanalysis.xml
c:\users\ryanw\documents\work\github\portfolio\invaders-from-space\invaders from space\bin\intermediates\x64\release\gameloop.nativecodeanalysis.sarif
c:\users\ryanw\documents\work\github\portfolio\invaders-from-space\invaders from space\bin\intermediates\x64\release\gameloop.nativecodeanalysis.xml
c:\users\ryanw\documents\work\github\portfolio\invaders-from-space\invaders from space\bin\intermediates\x64\release\game.nativecodeanalysis.sarif
c:\users\ryanw\documents\work\github\portfolio\invaders-from-space\invaders from space\bin\intermediates\x64\release\game.nativecodeanalysis.xml
c:\users\ryanw\documents\work\github\portfolio\invaders-from-space\invaders from space\bin\intermediates\x64\release\fontmanager.nativecodeanalysis.sarif
c:\users\ryanw\documents\work\github\portfolio\invaders-from-space\invaders from space\bin\intermediates\x64\release\fontmanager.nativecodeanalysis.xml
c:\users\ryanw\documents\work\github\portfolio\invaders-from-space\invaders from space\bin\intermediates\x64\release\buttonmanager.nativecodeanalysis.sarif
c:\users\ryanw\documents\work\github\portfolio\invaders-from-space\invaders from space\bin\intermediates\x64\release\buttonmanager.nativecodeanalysis.xml
c:\users\ryanw\documents\work\github\portfolio\invaders-from-space\invaders from space\bin\intermediates\x64\release\button.nativecodeanalysis.sarif
c:\users\ryanw\documents\work\github\portfolio\invaders-from-space\invaders from space\bin\intermediates\x64\release\button.nativecodeanalysis.xml
c:\users\ryanw\documents\work\github\portfolio\invaders-from-space\invaders from space\bin\intermediates\x64\release\button.obj
c:\users\ryanw\documents\work\github\portfolio\invaders-from-space\invaders from space\bin\intermediates\x64\release\buttonmanager.obj
c:\users\ryanw\documents\work\github\portfolio\invaders-from-space\invaders from space\bin\intermediates\x64\release\fontmanager.obj
c:\users\ryanw\documents\work\github\portfolio\invaders-from-space\invaders from space\bin\intermediates\x64\release\game.obj
c:\users\ryanw\documents\work\github\portfolio\invaders-from-space\invaders from space\bin\intermediates\x64\release\gameloop.obj
c:\users\ryanw\documents\work\github\portfolio\invaders-from-space\invaders from space\bin\intermediates\x64\release\hiscores.obj
c:\users\ryanw\documents\work\github\portfolio\invaders-from-space\invaders from space\bin\intermediates\x64\release\main.obj
c:\users\ryanw\documents\work\github\portfolio\invaders-from-space\invaders from space\bin\intermediates\x64\release\mainmenu.obj
c:\users\ryanw\documents\work\github\portfolio\invaders-from-space\invaders from space\bin\intermediates\x64\release\soundmanager.obj
c:\users\ryanw\documents\work\github\portfolio\invaders-from-space\invaders from space\bin\intermediates\x64\release\texturemanager.obj
c:\users\ryanw\documents\work\github\portfolio\invaders-from-space\invaders from space\bin\x64\release\invaders from space.ipdb
c:\users\ryanw\documents\work\github\portfolio\invaders-from-space\invaders from space\bin\x64\release\invaders from space.iobj
c:\users\ryanw\documents\work\github\portfolio\invaders-from-space\invaders from space\bin\x64\release\invaders from space.exe
c:\users\ryanw\documents\work\github\portfolio\invaders-from-space\invaders from space\bin\x64\release\invaders from space.pdb
c:\users\ryanw\documents\work\github\portfolio\invaders-from-space\invaders from space\bin\intermediates\x64\release\vc.nativecodeanalysis.all.xml
c:\users\ryanw\documents\work\github\portfolio\invaders-from-space\invaders from space\bin\intermediates\x64\release\invaders.a3efcd0b.tlog\cl.command.1.tlog
c:\users\ryanw\documents\work\github\portfolio\invaders-from-space\invaders from space\bin\intermediates\x64\release\invaders.a3efcd0b.tlog\cl.read.1.tlog
c:\users\ryanw\documents\work\github\portfolio\invaders-from-space\invaders from space\bin\intermediates\x64\release\invaders.a3efcd0b.tlog\cl.write.1.tlog
c:\users\ryanw\documents\work\github\portfolio\invaders-from-space\invaders from space\bin\intermediates\x64\release\invaders.a3efcd0b.tlog\invaders from space.write.1u.tlog
c:\users\ryanw\documents\work\github\portfolio\invaders-from-space\invaders from space\bin\intermediates\x64\release\invaders.a3efcd0b.tlog\link.command.1.tlog
c:\users\ryanw\documents\work\github\portfolio\invaders-from-space\invaders from space\bin\intermediates\x64\release\invaders.a3efcd0b.tlog\link.read.1.tlog
c:\users\ryanw\documents\work\github\portfolio\invaders-from-space\invaders from space\bin\intermediates\x64\release\invaders.a3efcd0b.tlog\link.write.1.tlog
